生成启动时间为 2018/1/19 20:21:51。
     1>项目“D:\wai_gua_workspace\DLL_template\DLL_template\DLL_template.vcxproj”在节点 2 上(build 个目标)。
     1>InitializeBuildStatus:
         正在创建“Release\DLL_template.unsuccessfulbuild”，因为已指定“AlwaysCreate”。
       ClCompile:
         所有输出均为最新。
         D:\program_file\vs2010\VC\bin\CL.exe /c /Zi /nologo /W3 /WX- /O2 /Oi /Oy- /GL /D WIN32 /D _WINDOWS /D NDEBUG /D _USRDLL /D _WINDLL /D _UNICODE /D UNICODE /D _AFXDLL /Gm- /EHsc /MD /GS /Gy /fp:precise /Zc:wchar_t /Zc:forScope /Yu"StdAfx.h" /Fp"Release\DLL_template.pch" /Fo"Release\\" /Fd"Release\vc100.pdb" /Gd /TP /analyze- /errorReport:prompt DLL_template.cpp
         DLL_template.cpp
       ResourceCompile:
         所有输出均为最新。
       Link:
         D:\program_file\vs2010\VC\bin\link.exe /ERRORREPORT:PROMPT /OUT:"D:\wai_gua_workspace\DLL_template\Release\DLL_template.dll" /INCREMENTAL:NO /NOLOGO /DEF:".\DLL_template.def" /MANIFEST /ManifestFile:"Release\DLL_template.dll.intermediate.manifest" /MANIFESTUAC:"level='asInvoker' uiAccess='false'" /DEBUG /PDB:"D:\wai_gua_workspace\DLL_template\Release\DLL_template.pdb" /SUBSYSTEM:WINDOWS /OPT:REF /OPT:ICF /LTCG /TLBID:1 /DYNAMICBASE /NXCOMPAT /IMPLIB:"D:\wai_gua_workspace\DLL_template\Release\DLL_template.lib" /MACHINE:X86 /DLL Release\DLL_template.res
         Release\DLL_template.obj
         Release\stdafx.obj
            正在创建库 D:\wai_gua_workspace\DLL_template\Release\DLL_template.lib 和对象 D:\wai_gua_workspace\DLL_template\Release\DLL_template.exp
         正在生成代码
         已完成代码的生成
         DLL_template.vcxproj -> D:\wai_gua_workspace\DLL_template\Release\DLL_template.dll
       Manifest:
         C:\Program Files (x86)\Microsoft SDKs\Windows\v7.0A\bin\mt.exe /nologo /verbose /outputresource:"D:\wai_gua_workspace\DLL_template\Release\DLL_template.dll;#2" /manifest Release\DLL_template.dll.intermediate.manifest D:\program_file\vs2010\VC\Include\Manifest\dpiaware.manifest
       FinalizeBuildStatus:
         正在删除文件“Release\DLL_template.unsuccessfulbuild”。
         正在对“Release\DLL_template.lastbuildstate”执行 Touch 任务。
     1>已完成生成项目“D:\wai_gua_workspace\DLL_template\DLL_template\DLL_template.vcxproj”(build 个目标)的操作。

生成成功。

已用时间 00:00:02.17
