D:\wai_gua_workspace\DLL_template\DLL_template\Release\cl.command.1.tlog
D:\wai_gua_workspace\DLL_template\DLL_template\Release\CL.read.1.tlog
D:\wai_gua_workspace\DLL_template\DLL_template\Release\CL.write.1.tlog
D:\WAI_GUA_WORKSPACE\DLL_TEMPLATE\DLL_TEMPLATE\RELEASE\DLL_TEMPLATE.DLL.INTERMEDIATE.MANIFEST
D:\WAI_GUA_WORKSPACE\DLL_TEMPLATE\DLL_TEMPLATE\RELEASE\DLL_TEMPLATE.OBJ
D:\WAI_GUA_WORKSPACE\DLL_TEMPLATE\DLL_TEMPLATE\RELEASE\DLL_TEMPLATE.PCH
D:\WAI_GUA_WORKSPACE\DLL_TEMPLATE\DLL_TEMPLATE\RELEASE\DLL_TEMPLATE.RES
D:\wai_gua_workspace\DLL_template\DLL_template\Release\DLL_template.write.1.tlog
D:\wai_gua_workspace\DLL_template\DLL_template\Release\link.command.1.tlog
D:\wai_gua_workspace\DLL_template\DLL_template\Release\link.read.1.tlog
D:\wai_gua_workspace\DLL_template\DLL_template\Release\link.write.1.tlog
D:\wai_gua_workspace\DLL_template\DLL_template\Release\link-cvtres.read.1.tlog
D:\wai_gua_workspace\DLL_template\DLL_template\Release\link-cvtres.write.1.tlog
D:\wai_gua_workspace\DLL_template\DLL_template\Release\mt.command.1.tlog
D:\wai_gua_workspace\DLL_template\DLL_template\Release\mt.read.1.tlog
D:\wai_gua_workspace\DLL_template\DLL_template\Release\mt.write.1.tlog
D:\wai_gua_workspace\DLL_template\DLL_template\Release\rc.command.1.tlog
D:\wai_gua_workspace\DLL_template\DLL_template\Release\rc.read.1.tlog
D:\wai_gua_workspace\DLL_template\DLL_template\Release\rc.write.1.tlog
D:\WAI_GUA_WORKSPACE\DLL_TEMPLATE\DLL_TEMPLATE\RELEASE\STDAFX.OBJ
D:\WAI_GUA_WORKSPACE\DLL_TEMPLATE\DLL_TEMPLATE\RELEASE\VC100.PDB
D:\WAI_GUA_WORKSPACE\DLL_TEMPLATE\RELEASE\DLL_TEMPLATE.DLL
D:\wai_gua_workspace\DLL_template\Release\DLL_template.exp
D:\wai_gua_workspace\DLL_template\Release\DLL_template.lib
D:\WAI_GUA_WORKSPACE\DLL_TEMPLATE\RELEASE\DLL_TEMPLATE.PDB
